<?xml version="1.0" encoding="UTF-8"?>
<testng-results ignored="0" total="1" passed="1" failed="0" skipped="0">
  <reporter-output>
  </reporter-output>
  <suite started-at="2022-03-31T10:57:05 IST" name="Suite" finished-at="2022-03-31T10:57:07 IST" duration-ms="1933">
    <groups>
    </groups>
    <test started-at="2022-03-31T10:57:05 IST" name="Test" finished-at="2022-03-31T10:57:07 IST" duration-ms="1933">
      <class name="Test.LoginPagetest">
        <test-method is-config="true" signature="inialization()[pri:0, instance:Test.LoginPagetest@4d5b6aac]" started-at="2022-03-31T10:56:56 IST" name="inialization" finished-at="2022-03-31T10:57:05 IST" duration-ms="8874" status="PASS">
          <reporter-output>
          </reporter-output>
        </test-method> <!-- inialization -->
        <test-method signature="login()[pri:0, instance:Test.LoginPagetest@4d5b6aac]" started-at="2022-03-31T10:57:05 IST" name="login" finished-at="2022-03-31T10:57:07 IST" duration-ms="1869" status="PASS">
          <reporter-output>
          </reporter-output>
        </test-method> <!-- login -->
        <test-method is-config="true" signature="tearDown()[pri:0, instance:Test.LoginPagetest@4d5b6aac]" started-at="2022-03-31T10:57:07 IST" name="tearDown" finished-at="2022-03-31T10:57:07 IST" duration-ms="76" status="PASS">
          <reporter-output>
          </reporter-output>
        </test-method> <!-- tearDown -->
      </class> <!-- Test.LoginPagetest -->
    </test> <!-- Test -->
  </suite> <!-- Suite -->
</testng-results>
